[    0.000000] Linux version 4.15.0-151-generic (buildd@lgw01-amd64-042) (gcc version 7.5.0 (Ubuntu 7.5.0-3ubuntu1~18.04)) #157-Ubuntu SMP Fri Jul 9 23:07:57 UTC 2021 (Ubuntu 4.15.0-151.157-generic 4.15.18)
[    0.000000] Command line: BOOT_IMAGE=/boot/vmlinuz-4.15.0-151-generic root=LABEL=cloudimg-rootfs ro console=tty1 console=ttyS0
[    0.000000] KERNEL supported cpus:
[    0.000000]   Intel GenuineIntel
[    0.000000]   AMD AuthenticAMD
[    0.000000]   Centaur CentaurHauls
[    0.000000] x86/fpu: x87 FPU will use FXSAVE
[    0.000000] e820: BIOS-provided physical RAM map:
[    0.000000] BIOS-e820: [mem 0x0000000000000000-0x000000000009fbff] usable
[    0.000000] BIOS-e820: [mem 0x000000000009fc00-0x000000000009ffff] reserved
[    0.000000] BIOS-e820: [mem 0x00000000000f0000-0x00000000000fffff] reserved
[    0.000000] BIOS-e820: [mem 0x0000000000100000-0x000000001ffeffff] usable
[    0.000000] BIOS-e820: [mem 0x000000001fff0000-0x000000001fffffff] ACPI data
[    0.000000] BIOS-e820: [mem 0x00000000fec00000-0x00000000fec00fff] reserved
[    0.000000] BIOS-e820: [mem 0x00000000fee00000-0x00000000fee00fff] reserved
[    0.000000] BIOS-e820: [mem 0x00000000fffc0000-0x00000000ffffffff] reserved
[    0.000000] NX (Execute Disable) protection: active
[    0.000000] SMBIOS 2.5 present.
[    0.000000] DMI: innotek GmbH VirtualBox/VirtualBox, BIOS VirtualBox 12/01/2006
[    0.000000] Hypervisor detected: KVM
[    0.000000] e820: last_pfn = 0x1fff0 max_arch_pfn = 0x400000000
[    0.000000] MTRR: Disabled
[    0.000000] x86/PAT: MTRRs disabled, skipping PAT initialization too.
[    0.000000] CPU MTRRs all blank - virtualized system.
[    0.000000] x86/PAT: Configuration [0-7]: WB  WT  UC- UC  WB  WT  UC- UC  
[    0.000000] found SMP MP-table at [mem 0x0009fff0-0x0009ffff]
[    0.000000] Scanning 1 areas for low memory corruption
[    0.000000] RAMDISK: [mem 0x1dafc000-0x1ee0afff]
[    0.000000] ACPI: Early table checksum verification disabled
[    0.000000] ACPI: RSDP 0x00000000000E0000 000024 (v02 VBOX  )
[    0.000000] ACPI: XSDT 0x000000001FFF0030 00003C (v01 VBOX   VBOXXSDT 00000001 ASL  00000061)
[    0.000000] ACPI: FACP 0x000000001FFF00F0 0000F4 (v04 VBOX   VBOXFACP 00000001 ASL  00000061)
[    0.000000] ACPI: DSDT 0x000000001FFF0470 002325 (v02 VBOX   VBOXBIOS 00000002 INTL 20100528)
[    0.000000] ACPI: FACS 0x000000001FFF0200 000040
[    0.000000] ACPI: FACS 0x000000001FFF0200 000040
[    0.000000] ACPI: APIC 0x000000001FFF0240 000054 (v02 VBOX   VBOXAPIC 00000001 ASL  00000061)
[    0.000000] ACPI: SSDT 0x000000001FFF02A0 0001CC (v01 VBOX   VBOXCPUT 00000002 INTL 20100528)
[    0.000000] ACPI: Reserving FACP table memory at [mem 0x1fff00f0-0x1fff01e3]
[    0.000000] ACPI: Reserving DSDT table memory at [mem 0x1fff0470-0x1fff2794]
[    0.000000] ACPI: Reserving FACS table memory at [mem 0x1fff0200-0x1fff023f]
[    0.000000] ACPI: Reserving FACS table memory at [mem 0x1fff0200-0x1fff023f]
[    0.000000] ACPI: Reserving APIC table memory at [mem 0x1fff0240-0x1fff0293]
[    0.000000] ACPI: Reserving SSDT table memory at [mem 0x1fff02a0-0x1fff046b]
[    0.000000] No NUMA configuration found
[    0.000000] Faking a node at [mem 0x0000000000000000-0x000000001ffeffff]
[    0.000000] NODE_DATA(0) allocated [mem 0x1ffc5000-0x1ffeffff]
[    0.000000] kvm-clock: cpu 0, msr 0:1ff44001, primary cpu clock
[    0.000000] kvm-clock: Using msrs 4b564d01 and 4b564d00
[    0.000000] kvm-clock: using sched offset of 6550740936 cycles
[    0.000000] clocksource: kvm-clock: mask: 0xffffffffffffffff max_cycles: 0x1cd42e4dffb, max_idle_ns: 881590591483 ns
[    0.000000] Zone ranges:
[    0.000000]   DMA      [mem 0x0000000000001000-0x0000000000ffffff]
[    0.000000]   DMA32    [mem 0x0000000001000000-0x000000001ffeffff]
[    0.000000]   Normal   empty
[    0.000000]   Device   empty
[    0.000000] Movable zone start for each node
[    0.000000] Early memory node ranges
[    0.000000]   node   0: [mem 0x0000000000001000-0x000000000009efff]
[    0.000000]   node   0: [mem 0x0000000000100000-0x000000001ffeffff]
[    0.000000] Reserved but unavailable: 104 pages
[    0.000000] Initmem setup node 0 [mem 0x0000000000001000-0x000000001ffeffff]
[    0.000000] ACPI: PM-Timer IO Port: 0x4008
[    0.000000] IOAPIC[0]: apic_id 1, version 32, address 0xfec00000, GSI 0-23
[    0.000000] ACPI: INT_SRC_OVR (bus 0 bus_irq 0 global_irq 2 dfl dfl)
[    0.000000] ACPI: INT_SRC_OVR (bus 0 bus_irq 9 global_irq 9 low level)
[    0.000000] Using ACPI (MADT) for SMP configuration information
[    0.000000] smpboot: Allowing 1 CPUs, 0 hotplug CPUs
[    0.000000] PM: Registered nosave memory: [mem 0x00000000-0x00000fff]
[    0.000000] PM: Registered nosave memory: [mem 0x0009f000-0x0009ffff]
[    0.000000] PM: Registered nosave memory: [mem 0x000a0000-0x000effff]
[    0.000000] PM: Registered nosave memory: [mem 0x000f0000-0x000fffff]
[    0.000000] e820: [mem 0x20000000-0xfebfffff] available for PCI devices
[    0.000000] Booting paravirtualized kernel on KVM
[    0.000000] clocksource: refined-jiffies: mask: 0xffffffff max_cycles: 0xffffffff, max_idle_ns: 7645519600211568 ns
[    0.000000] random: get_random_bytes called from start_kernel+0x99/0x500 with crng_init=0
[    0.000000] setup_percpu: NR_CPUS:8192 nr_cpumask_bits:1 nr_cpu_ids:1 nr_node_ids:1
[    0.000000] percpu: Embedded 45 pages/cpu s147456 r8192 d28672 u2097152
[    0.000000] PV qspinlock hash table entries: 256 (order: 0, 4096 bytes)
[    0.000000] Built 1 zonelists, mobility grouping on.  Total pages: 128889
[    0.000000] Policy zone: DMA32
[    0.000000] Kernel command line: BOOT_IMAGE=/boot/vmlinuz-4.15.0-151-generic root=LABEL=cloudimg-rootfs ro console=tty1 console=ttyS0
[    0.000000] Memory: 466804K/523832K available (12300K kernel code, 2483K rwdata, 4320K rodata, 2448K init, 2724K bss, 57028K reserved, 0K cma-reserved)
[    0.000000] SLUB: HWalign=64, Order=0-3, MinObjects=0, CPUs=1, Nodes=1
[    0.000000] Kernel/User page tables isolation: enabled
[    0.000000] ftrace: allocating 39460 entries in 155 pages
[    0.004000] Hierarchical RCU implementation.
[    0.004000] 	RCU restricting CPUs from NR_CPUS=8192 to nr_cpu_ids=1.
[    0.004000] 	Tasks RCU enabled.
[    0.004000] RCU: Adjusting geometry for rcu_fanout_leaf=16, nr_cpu_ids=1
[    0.004000] NR_IRQS: 524544, nr_irqs: 256, preallocated irqs: 16
[    0.004000] Console: colour VGA+ 80x25
[    0.004000] console [tty1] enabled
[    0.004000] console [ttyS0] enabled
[    0.004000] ACPI: Core revision 20170831
[    0.004000] ACPI: 2 ACPI AML tables successfully acquired and loaded
[    0.004000] APIC: Switch to symmetric I/O mode setup
[    0.008000] ..TIMER: vector=0x30 apic1=0 pin1=2 apic2=-1 pin2=-1
[    0.008008] tsc: Detected 2399.998 MHz processor
[    0.012015] Calibrating delay loop (skipped) preset value.. 4799.99 BogoMIPS (lpj=9599992)
[    0.016008] pid_max: default: 32768 minimum: 301
[    0.020046] Security Framework initialized
[    0.024008] Yama: becoming mindful.
[    0.028036] AppArmor: AppArmor initialized
[    0.032112] Dentry cache hash table entries: 65536 (order: 7, 524288 bytes)
[    0.036053] Inode-cache hash table entries: 32768 (order: 6, 262144 bytes)
[    0.040033] Mount-cache hash table entries: 1024 (order: 1, 8192 bytes)
[    0.044019] Mountpoint-cache hash table entries: 1024 (order: 1, 8192 bytes)
[    0.053461] Last level iTLB entries: 4KB 64, 2MB 8, 4MB 8
[    0.056008] Last level dTLB entries: 4KB 64, 2MB 0, 4MB 0, 1GB 4
[    0.060009] Spectre V1 : Mitigation: usercopy/swapgs barriers and __user pointer sanitization
[    0.064010] Spectre V2 : Mitigation: Full generic retpoline
[    0.068010] Spectre V2 : Spectre v2 / SpectreRSB mitigation: Filling RSB on context switch
[    0.072008] Speculative Store Bypass: Vulnerable
[    0.076063] MDS: Mitigation: Clear CPU buffers
[    0.092000] Freeing SMP alternatives memory: 36K
[    0.208007] APIC calibration not consistent with PM-Timer: 103ms instead of 100ms
[    0.212000] APIC delta adjusted to PM-Timer: 6310501 (6500370)
[    0.212672] smpboot: CPU0: Intel(R) Core(TM) i5-6200U CPU @ 2.30GHz (family: 0x6, model: 0x4e, stepping: 0x3)
[    0.216123] Performance Events: unsupported p6 CPU model 78 no PMU driver, software events only.
[    0.220099] Hierarchical SRCU implementation.
[    0.224698] NMI watchdog: Perf event create on CPU 0 failed with -2
[    0.228006] NMI watchdog: Perf NMI watchdog permanently disabled
[    0.232251] smp: Bringing up secondary CPUs ...
[    0.240009] smp: Brought up 1 node, 1 CPU
[    0.244006] smpboot: Max logical packages: 1
[    0.248008] smpboot: Total of 1 processors activated (4799.99 BogoMIPS)
[    0.252152] devtmpfs: initialized
[    0.256107] x86/mm: Memory block size: 128MB
[    0.260146] evm: security.selinux
[    0.264007] evm: security.SMACK64
[    0.268004] evm: security.SMACK64EXEC
[    0.272005] evm: security.SMACK64TRANSMUTE
[    0.276004] evm: security.SMACK64MMAP
[    0.280007] evm: security.apparmor
[    0.284007] evm: security.ima
[    0.288005] evm: security.capability
[    0.292136] clocksource: jiffies: mask: 0xffffffff max_cycles: 0xffffffff, max_idle_ns: 7645041785100000 ns
[    0.300025] futex hash table entries: 256 (order: 2, 16384 bytes)
[    0.304058] pinctrl core: initialized pinctrl subsystem
[    0.308619] RTC time: 12:12:10, date: 08/09/21
[    0.312183] NET: Registered protocol family 16
[    0.316105] audit: initializing netlink subsys (disabled)
[    0.320180] cpuidle: using governor ladder
[    0.324008] audit: type=2000 audit(1628511137.727:1): state=initialized audit_enabled=0 res=1
[    0.328012] cpuidle: using governor menu
[    0.332067] ACPI: bus type PCI registered
[    0.336006] acpiphp: ACPI Hot Plug PCI Controller Driver version: 0.5
[    0.344510] PCI: Using configuration type 1 for base access
[    0.349581] HugeTLB registered 2.00 MiB page size, pre-allocated 0 pages
[    0.352233] ACPI: Added _OSI(Module Device)
[    0.356008] ACPI: Added _OSI(Processor Device)
[    0.360008] ACPI: Added _OSI(3.0 _SCP Extensions)
[    0.364004] ACPI: Added _OSI(Processor Aggregator Device)
[    0.368017] ACPI: Added _OSI(Linux-Dell-Video)
[    0.372030] ACPI: Added _OSI(Linux-Lenovo-NV-HDMI-Audio)
[    0.376010] ACPI: Added _OSI(Linux-HPI-Hybrid-Graphics)
[    0.381261] ACPI: Executed 1 blocks of module-level executable AML code
[    0.393757] ACPI: Interpreter enabled
[    0.396021] ACPI: (supports S0 S5)
[    0.400004] ACPI: Using IOAPIC for interrupt routing
[    0.404645] PCI: Using host bridge windows from ACPI; if necessary, use "pci=nocrs" and report a bug
[    0.408403] ACPI: Enabled 2 GPEs in block 00 to 07
[    0.428401] ACPI: PCI Root Bridge [PCI0] (domain 0000 [bus 00-ff])
[    0.432017] acpi PNP0A03:00: _OSC: OS supports [ASPM ClockPM Segments MSI]
[    0.437248] acpi PNP0A03:00: _OSC: not requesting OS control; OS requires [ExtendedConfig ASPM ClockPM MSI]
[    0.440024] acpi PNP0A03:00: fail to add MMCONFIG information, can't access extended PCI configuration space under this bridge.
[    0.445162] PCI host bridge to bus 0000:00
[    0.448009] pci_bus 0000:00: root bus resource [io  0x0000-0x0cf7 window]
[    0.452011] pci_bus 0000:00: root bus resource [io  0x0d00-0xffff window]
[    0.456008] pci_bus 0000:00: root bus resource [mem 0x000a0000-0x000bffff window]
[    0.460009] pci_bus 0000:00: root bus resource [mem 0x20000000-0xfdffffff window]
[    0.464010] pci_bus 0000:00: root bus resource [bus 00-ff]
[    0.485262] pci 0000:00:01.1: legacy IDE quirk: reg 0x10: [io  0x01f0-0x01f7]
[    0.488010] pci 0000:00:01.1: legacy IDE quirk: reg 0x14: [io  0x03f6]
[    0.492010] pci 0000:00:01.1: legacy IDE quirk: reg 0x18: [io  0x0170-0x0177]
[    0.496007] pci 0000:00:01.1: legacy IDE quirk: reg 0x1c: [io  0x0376]
[    0.593007] pci 0000:00:07.0: quirk: [io  0x4000-0x403f] claimed by PIIX4 ACPI
[    0.596079] pci 0000:00:07.0: quirk: [io  0x4100-0x410f] claimed by PIIX4 SMB
[    0.633275] ACPI: PCI Interrupt Link [LNKA] (IRQs 5 9 10 *11)
[    0.640464] ACPI: PCI Interrupt Link [LNKB] (IRQs 5 9 *10 11)
[    0.644344] ACPI: PCI Interrupt Link [LNKC] (IRQs 5 *9 10 11)
[    0.648349] ACPI: PCI Interrupt Link [LNKD] (IRQs 5 9 10 *11)
[    0.656747] SCSI subsystem initialized
[    0.660178] pci 0000:00:02.0: vgaarb: setting as boot VGA device
[    0.664000] pci 0000:00:02.0: vgaarb: VGA device added: decodes=io+mem,owns=io+mem,locks=none
[    0.664014] pci 0000:00:02.0: vgaarb: bridge control possible
[    0.668069] vgaarb: loaded
[    0.672078] ACPI: bus type USB registered
[    0.676065] usbcore: registered new interface driver usbfs
[    0.680037] usbcore: registered new interface driver hub
[    0.684030] usbcore: registered new device driver usb
[    0.688198] EDAC MC: Ver: 3.0.0
[    0.696920] PCI: Using ACPI for IRQ routing
[    0.704420] NetLabel: Initializing
[    0.708007] NetLabel:  domain hash size = 128
[    0.716007] NetLabel:  protocols = UNLABELED CIPSOv4 CALIPSO
[    0.720044] NetLabel:  unlabeled traffic allowed by default
[    0.724263] clocksource: Switched to clocksource kvm-clock
[    0.830962] VFS: Disk quotas dquot_6.6.0
[    0.838695] VFS: Dquot-cache hash table entries: 512 (order 0, 4096 bytes)
[    0.850813] AppArmor: AppArmor Filesystem Enabled
[    0.859113] pnp: PnP ACPI init
[    0.866739] pnp: PnP ACPI: found 3 devices
[    0.881968] clocksource: acpi_pm: mask: 0xffffff max_cycles: 0xffffff, max_idle_ns: 2085701024 ns
[    0.893989] NET: Registered protocol family 2
[    0.902372] TCP established hash table entries: 4096 (order: 3, 32768 bytes)
[    0.911569] TCP bind hash table entries: 4096 (order: 4, 65536 bytes)
[    0.920407] TCP: Hash tables configured (established 4096 bind 4096)
[    0.928992] UDP hash table entries: 256 (order: 1, 8192 bytes)
[    0.936675] UDP-Lite hash table entries: 256 (order: 1, 8192 bytes)
[    0.944827] NET: Registered protocol family 1
[    0.951089] pci 0000:00:00.0: Limiting direct PCI/PCI transfers
[    0.959128] pci 0000:00:01.0: Activating ISA DMA hang workarounds
[    0.967795] pci 0000:00:02.0: Video device with shadowed ROM at [mem 0x000c0000-0x000dffff]
[    0.979386] Unpacking initramfs...
[    1.812375] Freeing initrd memory: 19516K
[    1.819197] clocksource: tsc: mask: 0xffffffffffffffff max_cycles: 0x229835b7123, max_idle_ns: 440795242976 ns
[    1.833625] platform rtc_cmos: registered platform RTC device (no PNP device found)
[    1.844301] Scanning for low memory corruption every 60 seconds
[    1.853818] Initialise system trusted keyrings
[    1.861573] Key type blacklist registered
[    1.868450] workingset: timestamp_bits=36 max_order=17 bucket_order=0
[    1.885424] zbud: loaded
[    1.892634] squashfs: version 4.0 (2009/01/31) Phillip Lougher
[    1.903817] fuse init (API version 7.26)
[    1.916040] Key type asymmetric registered
[    1.923333] Asymmetric key parser 'x509' registered
[    1.931800] Block layer SCSI generic (bsg) driver version 0.4 loaded (major 246)
[    1.942446] io scheduler noop registered
[    1.948213] io scheduler deadline registered
[    1.955389] io scheduler cfq registered (default)
[    1.964788] ACPI: AC Adapter [AC] (on-line)
[    1.971142] input: Power Button as /devices/LNXSYSTM:00/LNXPWRBN:00/input/input0
[    1.982122] ACPI: Power Button [PWRF]
[    1.987882] input: Sleep Button as /devices/LNXSYSTM:00/LNXSLPBN:00/input/input1
[    1.999623] ACPI: Sleep Button [SLPF]
[    2.010336] ACPI: Battery Slot [BAT0] (battery present)
[    2.020657] Serial: 8250/16550 driver, 32 ports, IRQ sharing enabled
[    2.076738] 00:02: ttyS0 at I/O 0x3f8 (irq = 4, base_baud = 115200) is a 16550A
[    2.095617] Linux agpgart interface v0.103
[    2.113703] loop: module loaded
[    2.122287] scsi host0: ata_piix
[    2.127863] scsi host1: ata_piix
[    2.133392] ata1: PATA max UDMA/33 cmd 0x1f0 ctl 0x3f6 bmdma 0xd000 irq 14
[    2.142615] ata2: PATA max UDMA/33 cmd 0x170 ctl 0x376 bmdma 0xd008 irq 15
[    2.154972] libphy: Fixed MDIO Bus: probed
[    2.161206] tun: Universal TUN/TAP device driver, 1.6
[    2.168603] PPP generic driver version 2.4.2
[    2.174903] ehci_hcd: USB 2.0 'Enhanced' Host Controller (EHCI) Driver
[    2.183462] ehci-pci: EHCI PCI platform driver
[    2.190272] ehci-platform: EHCI generic platform driver
[    2.199621] ohci_hcd: USB 1.1 'Open' Host Controller (OHCI) Driver
[    2.208819] ohci-pci: OHCI PCI platform driver
[    2.214905] ohci-platform: OHCI generic platform driver
[    2.221746] uhci_hcd: USB Universal Host Controller Interface driver
[    2.230174] i8042: PNP: PS/2 Controller [PNP0303:PS2K,PNP0f03:PS2M] at 0x60,0x64 irq 1,12
[    2.246227] serio: i8042 KBD port at 0x60,0x64 irq 1
[    2.252783] serio: i8042 AUX port at 0x60,0x64 irq 12
[    2.259519] mousedev: PS/2 mouse device common for all mice
[    2.270261] input: AT Translated Set 2 keyboard as /devices/platform/i8042/serio0/input/input2
[    2.283586] rtc_cmos rtc_cmos: rtc core: registered rtc_cmos as rtc0
[    2.293136] rtc_cmos rtc_cmos: alarms up to one day, 114 bytes nvram
[    2.302678] i2c /dev entries driver
[    2.309577] device-mapper: uevent: version 1.0.3
[    2.390788] device-mapper: ioctl: 4.37.0-ioctl (2017-09-20) initialised: dm-devel@redhat.com
[    2.403073] ledtrig-cpu: registered to indicate activity on CPUs
[    2.412497] NET: Registered protocol family 10
[    2.425868] Segment Routing with IPv6
[    2.432177] NET: Registered protocol family 17
[    2.439515] Key type dns_resolver registered
[    2.446176] mce: Using 0 MCE banks
[    2.452718] RAS: Correctable Errors collector initialized.
[    2.460851] sched_clock: Marking stable (2460778520, 0)->(4473349283, -2012570763)
[    2.472135] registered taskstats version 1
[    2.478949] Loading compiled-in X.509 certificates
[    2.490277] Loaded X.509 cert 'Build time autogenerated kernel key: f57eddc348b36f7d35fd4232c73b07389449520d'
[    2.505970] Loaded X.509 cert 'Canonical Ltd. Live Patch Signing: 14df34d1a87cf37625abec039ef2bf521249b969'
[    2.520455] Loaded X.509 cert 'Canonical Ltd. Kernel Module Signing: 88f752e560a1e0737e31163a466ad7b70a850c19'
[    2.535522] zswap: loaded using pool lzo/zbud
[    2.548211] Key type big_key registered
[    2.555564] Key type trusted registered
[    2.565289] Key type encrypted registered
[    2.571936] AppArmor: AppArmor sha1 policy hashing enabled
[    2.580724] ima: No TPM chip found, activating TPM-bypass! (rc=-19)
[    2.590213] ima: Allocated hash algorithm: sha1
[    2.597839] evm: HMAC attrs: 0x1
[    2.605288]   Magic number: 1:129:228
[    2.611879] rtc_cmos rtc_cmos: setting system clock to 2021-08-09 12:12:13 UTC (1628511133)
[    2.624179] BIOS EDD facility v0.16 2004-Jun-25, 0 devices found
[    2.633337] EDD information not available.
[    2.645230] Freeing unused kernel image memory: 2448K
[    2.660673] Write protecting the kernel read-only data: 20480k
[    2.670451] Freeing unused kernel image memory: 2008K
[    2.678392] Freeing unused kernel image memory: 1824K
[    2.694431] x86/mm: Checked W+X mappings: passed, no W+X pages found.
[    2.704107] x86/mm: Checking user space page tables
[    2.720591] x86/mm: Checked W+X mappings: passed, no W+X pages found.
Loading, please wait...
starting version 237
[    2.937911] e1000: Intel(R) PRO/1000 Network Driver - version 7.3.21-k8-NAPI
[    2.948258] e1000: Copyright (c) 1999-2006 Intel Corporation.
[    2.962265] Fusion MPT base driver 3.04.20
[    2.969139] Copyright (c) 1999-2008 LSI Corporation
[    3.078061] Fusion MPT SPI Host driver 3.04.20
[    3.297136] input: ImExPS/2 Generic Explorer Mouse as /devices/platform/i8042/serio1/input/input4
[    4.056260] e1000 0000:00:03.0 eth0: (PCI:33MHz:32-bit) 02:2a:e1:ea:70:72
[    4.067190] e1000 0000:00:03.0 eth0: Intel(R) PRO/1000 Network Connection
[    4.080450] mptbase: ioc0: Initiating bringup
[    4.188692] ioc0: LSI53C1030 A0: Capabilities={Initiator}
[    4.459080] scsi host2: ioc0: LSI53C1030 A0, FwRev=00000000h, Ports=1, MaxQ=256, IRQ=20
[    4.641597] scsi 2:0:0:0: Direct-Access     VBOX     HARDDISK         1.0  PQ: 0 ANSI: 5
[    4.660155] scsi target2:0:0: Beginning Domain Validation
[    4.670378] random: fast init done
[    4.690519] scsi target2:0:0: Domain Validation skipping write tests
[    4.700489] scsi target2:0:0: Ending Domain Validation
[    4.729285] scsi target2:0:0: asynchronous
[    4.749238] scsi 2:0:1:0: Direct-Access     VBOX     HARDDISK         1.0  PQ: 0 ANSI: 5
[    4.773456] scsi target2:0:1: Beginning Domain Validation
[    4.832974] scsi target2:0:1: Domain Validation skipping write tests
[    4.841876] scsi target2:0:1: Ending Domain Validation
[    4.860906] scsi target2:0:1: asynchronous
[    5.011689] sd 2:0:0:0: Attached scsi generic sg0 type 0
[    5.020874] sd 2:0:0:0: [sda] 83886080 512-byte logical blocks: (42.9 GB/40.0 GiB)
[    5.034345] random: systemd-udevd: uninitialized urandom read (16 bytes read)
[    5.045726] sd 2:0:1:0: [sdb] 20480 512-byte logical blocks: (10.5 MB/10.0 MiB)
[    5.056687] sd 2:0:1:0: Attached scsi generic sg1 type 0
[    5.066268] sd 2:0:1:0: [sdb] Write Protect is off
[    5.074564] sd 2:0:0:0: [sda] Write Protect is off
[    5.094363] sd 2:0:1:0: [sdb] Incomplete mode parameter data
[    5.103656] sd 2:0:1:0: [sdb] Assuming drive cache: write through
[    5.112831] sd 2:0:0:0: [sda] Incomplete mode parameter data
[    5.122617] sd 2:0:0:0: [sda] Assuming drive cache: write through
[    5.132534] random: systemd-udevd: uninitialized urandom read (16 bytes read)
[    5.158784] random: systemd-udevd: uninitialized urandom read (16 bytes read)
[    5.172672]  sda: sda1
[    5.191187] sd 2:0:1:0: [sdb] Attached SCSI disk
[    5.213428] sd 2:0:0:0: [sda] Attached SCSI disk
[    5.882703] e1000 0000:00:08.0 eth1: (PCI:33MHz:32-bit) 08:00:27:9a:ce:65
[    5.893356] e1000 0000:00:08.0 eth1: Intel(R) PRO/1000 Network Connection
[    5.908832] e1000 0000:00:08.0 enp0s8: renamed from eth1
[    5.946027] e1000 0000:00:03.0 enp0s3: renamed from eth0
Begin: Loading essential drivers ... [    8.860254] raid6: sse2x1   gen()  8013 MB/s
[    8.924572] raid6: sse2x1   xor()  5404 MB/s
[    9.000448] raid6: sse2x2   gen() 11171 MB/s
[    9.064133] raid6: sse2x2   xor()  6350 MB/s
[    9.128594] raid6: sse2x4   gen() 10662 MB/s
[    9.184398] raid6: sse2x4   xor()  7329 MB/s
[    9.196216] raid6: using algorithm sse2x2 gen() 11171 MB/s
[    9.204575] raid6: .... xor() 6350 MB/s, rmw enabled
[    9.213790] raid6: using ssse3x2 recovery algorithm
[    9.226054] xor: measuring software checksum speed
[    9.344447]    prefetch64-sse: 30345.000 MB/sec
[    9.464144]    generic_sse: 22413.000 MB/sec
[    9.472670] xor: using function: prefetch64-sse (30345.000 MB/sec)
[    9.483624] async_tx: api initialized (async)
done.
Begin: Running /scripts/init-premount ... done.
Begin: Mounting root file system ... Begin: Running /scripts/local-top ... done.
Begin: Running /scripts/local-premount ... [    9.627694] Btrfs loaded, crc32c=crc32c-intel
Scanning for Btrfs filesystems
done.
Warning: fsck not present, so skipping root file system
[    9.753676] EXT4-fs (sda1): mounted filesystem with ordered data mode. Opts: (null)
done.
Begin: Running /scripts/local-bottom ... done.
Begin: Running /scripts/init-bottom ... done.
[   10.174985] ip_tables: (C) 2000-2006 Netfilter Core Team
[   10.210814] systemd[1]: systemd 237 running in system mode. (+PAM +AUDIT +SELINUX +IMA +APPARMOR +SMACK +SYSVINIT +UTMP +LIBCRYPTSETUP +GCRYPT +GNUTLS +ACL +XZ +LZ4 +SECCOMP +BLKID +ELFUTILS +KMOD -IDN2 +IDN -PCRE2 default-hierarchy=hybrid)
[   10.247414] systemd[1]: Detected virtualization oracle.
[   10.255181] systemd[1]: Detected architecture x86-64.

Welcome to [1mUbuntu 18.04.5 LTS[0m!

[   10.272843] systemd[1]: Set hostname to <ubuntu>.
[   10.304799] systemd[1]: Initializing machine ID from random generator.
[   10.315450] systemd[1]: Installed transient /etc/machine-id file.
[   11.036659] systemd[1]: Reached target Swap.
[[0;32m  OK  [0m] Reached target Swap.
[   11.053157] systemd[1]: Started Forward Password Requests to Wall Directory Watch.
[[0;32m  OK  [0m] Started Forward Password Requests to Wall Directory Watch.
[   11.077771] systemd[1]: Set up automount Arbitrary Executable File Formats File System Automount Point.
[[0;32m  OK  [0m] Set up automount Arbitrary Executab…rmats File System Automount Point.
[   11.103693] systemd[1]: Reached target User and Group Name Lookups.
[[0;32m  OK  [0m] Reached target User and Group Name Lookups.
[[0;32m  OK  [0m] Reached target System Time Synchronized.
[[0;32m  OK  [0m] Created slice System Slice.
[[0;32m  OK  [0m] Listening on Journal Audit Socket.
[[0;32m  OK  [0m] Listening on udev Kernel Socket.
[[0;32m  OK  [0m] Listening on Journal Socket (/dev/log).
[[0;32m  OK  [0m] Listening on udev Control Socket.
[[0;32m  OK  [0m] Listening on LVM2 metadata daemon socket.
[[0;32m  OK  [0m] Listening on fsck to fsckd communication Socket.
[[0;32m  OK  [0m] Listening on LVM2 poll daemon socket.
[[0;32m  OK  [0m] Created slice system-serial\x2dgetty.slice.
[[0;32m  OK  [0m] Listening on Device-mapper event daemon FIFOs.
[[0;32m  OK  [0m] Listening on Network Service Netlink Socket.
[[0;32m  OK  [0m] Listening on /dev/initctl Compatibility Named Pipe.
[[0;32m  OK  [0m] Listening on Syslog Socket.
[[0;32m  OK  [0m] Created slice User and Session Slice.
[[0;32m  OK  [0m] Reached target Slices.
[[0;32m  OK  [0m] Listening on Journal Socket.
         Starting Create list of required st…ce nodes for the current kernel...
         Mounting Huge Pages File System...
         Starting File System Check on Root Device...
         Mounting Kernel Debug File System...
         Starting udev Coldplug all Devices...
         Starting Load Kernel Modules...
         Starting Set the console keyboard layout...
         Mounting POSIX Message Queue File System...
         Starting Journal Service...
         Starting Uncomplicated firewall...
         Starting Monitoring of LVM2 mirrors…ng dmeventd or progress polling...[   11.561516] Loading iSCSI transport class v2.0-870.

[[0;32m  OK  [0m] Started Create list of required sta…vice nodes for the current kernel.
[[0;32m  OK  [0m] Mounted Huge Pages File System.
[[0;32m  OK  [0m] Mounted Kernel Debug File System.
[[0;32m  OK  [0m] Mounted POSIX Message Queue File System.
[[0;32m  OK  [0m] Started Uncomplicated firewall.
[[0;32m  OK  [0m] Started File System Check Daemon to report status.
         Starting Create Static Device Nodes in /dev...[   11.751144] iscsi: registered transport (tcp)

[[0;32m  OK  [0m] Started File System Check on Root Device.
         Starting Remount Root and Kernel File Systems...
[[0;32m  OK  [0m] Started udev Coldplug all Devices.
[[0;32m  OK  [0m] Started Create Static Device Nodes in /dev.
[[0;32m  OK  [0m] Started Journal Service.
[[0;32m  OK  [0m[   11.976849] EXT4-fs (sda1): re-mounted. Opts: (null)
] Started LVM2 metadata daemon.
[[0;32m  OK  [0m] Started Remount Root and Kernel File Systems.
         Starting Flush Journal to Persistent Storage...[   12.057152] iscsi: registered transport (iser)

         Starting udev Kernel Device Manager...
         Starting Load/Save Random Seed...
[[0;32m  OK  [0m] Started Monitoring of LVM2 mirrors,…sing dmeventd or progress polling.
[[0;32m  OK  [0m] Started Load Kernel Modules.
[   12.149602] systemd-journald[388]: Received request to flush runtime journal from PID 1
         Mounting FUSE Control File System...
         [   12.174079] random: crng init done
[   12.179897] random: 7 urandom warning(s) missed due to ratelimiting
Mounting Kernel Configuration File System...
         Starting Apply Kernel Variables...
[[0;32m  OK  [0m] Mounted FUSE Control File System.
[[0;32m  OK  [0m] Mounted Kernel Configuration File System.
[[0;32m  OK  [0m] Started udev Kernel Device Manager.
[[0;32m  OK  [0m] Started Load/Save Random Seed.
[[0;32m  OK  [0m] Started Flush Journal to Persistent Storage.
[[0;32m  OK  [0m] Started Apply Kernel Variables.
[[0;32m  OK  [0m] Started Set the console keyboard layout.
[[0;32m  OK  [0m] Reached target Local File Systems (Pre).
[[0;32m  OK  [0m] Reached target Local File Systems.
         Starting ebtables ruleset management...
         Starting AppArmor initialization...
         Starting Create Volatile Files and Directories...
         Starting Tell Plymouth To Write Out Runtime Data...
         Starting Commit a transient machine-id on disk...
         Starting Set console font and keymap...
[[0;32m  OK  [0m] Started Dispatch Password Requests to Console Directory Watch.
[[0;32m  OK  [0m] Reached target Local Encrypted Volumes.
[[0;32m  OK  [0m] Started Tell Plymouth To Write Out Runtime Data.
[[0;32m  OK  [0m] Started Set console font and keymap.
[[0;32m  OK  [0m] Started Commit a transient machine-id on disk.
[[0;32m  OK  [0m] Started Create Volatile Files and Directories.
         Starting Update UTMP about System Boot/Shutdown...
[[0;32m  OK  [0m] Started Update UTMP about System Boot/Shutdown.
[[0;32m  OK  [0m] Started ebtables ruleset management.
[[0;32m  OK  [0m] Found device /dev/ttyS0.
[[0;32m  OK  [0m] Listening on Load/Save RF Kill Switch Status /dev/rfkill Watch.
[[0;32m  OK  [0m] Started AppArmor initialization.
         Starting Load AppArmor profiles managed internally by snapd...
         Starting Initial cloud-init job (pre-networking)...
[[0;32m  OK  [0m] Started Load AppArmor profiles managed internally by snapd.
[   19.737331] cloud-init[545]: Cloud-init v. 21.2-3-g899bfaa9-0ubuntu2~18.04.1 running 'init-local' at Mon, 09 Aug 2021 12:12:29 +0000. Up 18.91 seconds.
[[0;32m  OK  [0m] Started Initial cloud-init job (pre-networking).
[[0;32m  OK  [0m] Reached target Network (Pre).
         Starting Network Service...
[[0;32m  OK  [0m] Started Network Service.
         Starting Network Name Resolution...
         Starting Wait for Network to be Configured...
[[0;32m  OK  [0m] Started Network Name Resolution.
[[0;32m  OK  [0m] Reached target Network.
[[0;32m  OK  [0m] Reached target Host and Network Name Lookups.
[[0;32m  OK  [0m] Started Wait for Network to be Configured.
         Starting Initial cloud-init job (metadata service crawler)...
[   22.190011] cloud-init[644]: Cloud-init v. 21.2-3-g899bfaa9-0ubuntu2~18.04.1 running 'init' at Mon, 09 Aug 2021 12:12:32 +0000. Up 21.98 seconds.
[   22.210936] cloud-init[644]: ci-info: ++++++++++++++++++++++++++++++++++++++Net device info+++++++++++++++++++++++++++++++++++++++
[   22.225755] cloud-init[644]: ci-info: +--------+-------+----------------------------+---------------+--------+-------------------+
[   22.246004] cloud-init[644]: ci-info: | Device |   Up  |          Address           |      Mask     | Scope  |     Hw-Address    |
[   22.267351] cloud-init[644]: ci-info: +--------+-------+----------------------------+---------------+--------+-------------------+
[   22.290906] cloud-init[644]: ci-info: | enp0s3 |  True |         10.0.2.15          | 255.255.255.0 | global | 02:2a:e1:ea:70:72 |
[   22.315134] cloud-init[644]: ci-info: | enp0s3 |  True | fe80::2a:e1ff:feea:7072/64 |       .       |  link  | 02:2a:e1:ea:70:72 |
[   22.331186] cloud-init[644]: ci-info: | enp0s8 | False |             .              |       .       |   .    | 08:00:27:9a:ce:65 |
[   22.355226] cloud-init[644]: ci-info: |   lo   |  True |         127.0.0.1          |   255.0.0.0   |  host  |         .         |
[   22.375980] cloud-init[644]: ci-info: |   lo   |  True |          ::1/128           |       .       |  host  |         .         |
[   22.396803] cloud-init[644]: ci-info: +--------+-------+----------------------------+---------------+--------+-------------------+
[   22.411613] cloud-init[644]: ci-info: ++++++++++++++++++++++++++++Route IPv4 info+++++++++++++++++++++++++++++
[   22.426022] cloud-init[644]: ci-info: +-------+-------------+----------+-----------------+-----------+-------+
[   22.440063] cloud-init[644]: ci-info: | Route | Destination | Gateway  |     Genmask     | Interface | Flags |
[   22.457816] cloud-init[644]: ci-info: +-------+-------------+----------+-----------------+-----------+-------+
[   22.477103] cloud-init[644]: ci-info: |   0   |   0.0.0.0   | 10.0.2.2 |     0.0.0.0     |   enp0s3  |   UG  |
[   22.499912] cloud-init[644]: ci-info: |   1   |   10.0.2.0  | 0.0.0.0  |  255.255.255.0  |   enp0s3  |   U   |
[   22.520324] cloud-init[644]: ci-info: |   2   |   10.0.2.2  | 0.0.0.0  | 255.255.255.255 |   enp0s3  |   UH  |
[   22.540946] cloud-init[644]: ci-info: +-------+-------------+----------+-----------------+-----------+-------+
[   22.559685] cloud-init[644]: ci-info: +++++++++++++++++++Route IPv6 info+++++++++++++++++++
[   22.577803] cloud-init[644]: ci-info: +-------+-------------+---------+-----------+-------+
[   22.595214] cloud-init[644]: ci-info: | Route | Destination | Gateway | Interface | Flags |
[   22.629085] cloud-init[644]: ci-info: +-------+-------------+---------+-----------+-------+
[   22.640908] cloud-init[644]: ci-info: |   1   |  fe80::/64  |    ::   |   enp0s3  |   U   |
[   22.674450] cloud-init[644]: ci-info: |   3   |    local    |    ::   |   enp0s3  |   U   |
[   22.702348] cloud-init[644]: ci-info: |   4   |   ff00::/8  |    ::   |   enp0s3  |   U   |
[   22.742484] cloud-init[644]: ci-info: +-------+-------------+---------+-----------+-------+
[   24.481172] cloud-init[644]: Generating public/private rsa key pair.
[   24.516934] cloud-init[644]: Your identification has been saved in /etc/ssh/ssh_host_rsa_key.
[   24.540585] cloud-init[644]: Your public key has been saved in /etc/ssh/ssh_host_rsa_key.pub.
[   24.582012] cloud-init[644]: The key fingerprint is:
[   24.613599] cloud-init[644]: SHA256:nPvVgeP1AUNfr4ZsOm/VM4qJjMAw6KQJ/r2b68JbDCM root@ubuntu-bionic
[   24.638213] cloud-init[644]: The key's randomart image is:
[   24.668604] cloud-init[644]: +---[RSA 2048]----+
[   24.678656] cloud-init[644]: |             .  .|
[   24.693414] cloud-init[[0;32m  OK  [0m] Started Initial cloud-init job (metadata service crawler).[644]: |            . . o|
[   24.713826] cloud-init
[[0;32m  OK  [0m] [644]: Reached target Network is Online.|  .          o ..|
[[0;32m  OK  [0m] 
[   24.747301] Reached target Remote File Systems (Pre).
[cloud-init[644]: [0;32m  OK  [0m] Reached target Remote File Systems.|.o o   . . . oo. |

         [   24.798746] Starting Availability of block devices...cloud-init
[[0;32m  OK  [0m] [644]: |*E o+   S   * =o |Reached target System Initialization.
[   24.842879] 
[[0;32m  OK  [0m] Listening on ACPID Listen Socket.cloud-init[644]: |oo. +o   . + =.=o|
         Starting Socket activation for snappy daemon.
[[0;32m  OK  [0m
[   24.895377] ] Started Message of the Day.cloud-init[644]: 
[[0;32m  OK  [0m|  o .o. + + =.o +|
[   24.912154] ] Started Daily Cleanup of Temporary Directories.cloud-init[644]: |   +.... + *..   |

[[0;32m  OK  [0m[   24.930218] cloud-init] Started Discard unused blocks once a week.[644]: |   .+*+   ...    |

         Starting LXD - unix socket.[   24.949742] cloud-init[644]: +----[SHA256]-----+

[[0;32m  OK  [0m] Started Ubuntu Advantage update messaging.
[[0;32m  OK  [0m[   24.977250] cloud-init[644]: ] Listening on UUID daemon activation socket.
Generating public/private dsa key pair.[[0;32m  OK  [0m] Started ACPI Events Check.

[   25.003924] [[0;32m  OK  [0m] cloud-initReached target Paths.
[[644]: Your identification has been saved in /etc/ssh/ssh_host_dsa_key.[0;32m  OK  [0m] 
[   25.025893] cloud-initStarted Daily apt download activities.
[644]: Your public key has been saved in /etc/ssh/ssh_host_dsa_key.pub.[[0;32m  OK  [0m] Started Daily apt upgrade and clean activities.

[   25.046797] [[0;32m  OK  [0m] Reached target Timers.cloud-init[644]: The key fingerprint is:
[   25.059544] 
[[0;32m  OK  [0mcloud-init[644]: SHA256:Uacah/8YtnTltquUrV63TzHiJISwd5mk7DTw9f/tVko root@ubuntu-bionic] Listening on Open-iSCSI iscsid Socket.
[
[   25.079944] [0;32m  OK  [0m] Listening on D-Bus System Message Bus Socket.cloud-init[644]: The key's randomart image is:
[
[   25.098399] [0;32m  OK  [0m] Reached target Cloud-config availability.cloud-init[644]: +---[DSA 1024]----+

[[0;32m  OK  [0m] [   25.121523] cloud-initStarted Availability of block devices.
[644]: |       o  .o.    |[[0;32m  OK  [0m] Listening on Socket activation for snappy daemon.
[[0;32m  OK  [0m
[   25.162538] ] Listening on LXD - unix socket.cloud-init
[[0;32m  OK  [0m[644]: |        *o=o+    |] Reached target Sockets.

[[   25.197418] cloud-init[0;32m  OK  [0m] [644]: |       .+Oo= ..  |
Reached target Basic System.
[   25.213699] cloud-init[[0;32m  OK  [0m[644]: |        +*+  o.  |] Started irqbalance daemon.

[[0;32m  OK  [0m] Started D-Bus System Message Bus.[   25.274152] 
cloud-init[644]: |        S.=..oo+ |
[   25.317579] cloud-init[644]: |         o *++E.*|
[   25.345527] cloud-init[644]: |          o +o+.*|
[   25.373873] cloud-init[644]: |           . o.=o|
[   25.399500] [[0;32m  OK  [0m] Started FUSE filesystem for LXC.cloud-init
[644]:          |           .+..o+|Starting Virtualbox guest utils...
         Starting LSB: Record successful boot for GRUB...

         Starting LXD - container startup/shutdown...
         [   25.478478] Starting Accounts Service...
cloud-init[644]: +----[SHA256]-----+
[   25.543291] cloud-init[644]: Generating public/private ecdsa key pair.
[   25.594176] [[0;32m  OK  [0m] Started Regular background program processing daemon.cloud-init
         Starting System Logging Service...
         Starting Pollinate to seed the pseudo random number generator...[644]: Your identification has been saved in /etc/ssh/ssh_host_ecdsa_key.

[   25.684829] cloud-init[644]: Your public key has been saved in /etc/ssh/ssh_host_ecdsa_key.pub.
[   25.731167] cloud-init[644]: The key fingerprint is:
[   25.759161] cloud-init[644]: SHA256:ivTplRCT7sMdZjt9SqO3WN4njORW6f5A96+hTd72OzQ root@ubuntu-bionic
[   25.797339] cloud-init[644]: The key's randomart image is:
         Starting Dispatcher daemon for systemd-networkd...
         Starting Permit User Sessions...
[   25.876713]          Starting LSB: automatic crash report generation...
         Starting Login Service...
         Starting Snap Daemon...
[[0;32m  OK  [0m] Started Deferred execution scheduler.
cloud-init[[0;32m  OK  [0m] Started System Logging Service.
[[0;32m  OK  [0m] Started Permit User Sessions.[644]: 
         Starting Terminate Plymouth Boot Screen...
         Starting Hold until boot process finishes up...
[[0;32m  OK  [0m+---[ECDSA 256]---+] Started Terminate Plymouth Boot Screen.

         Starting Authorization Manager...
[   26.189914] cloud-init[[0;32m  OK  [0m] Started Hold until boot process finishes up.
         Starting Set console scheme...
[[0;32m  OK  [0m] Started Serial Getty on ttyS0.[644]: 
[[0;32m  OK  [0m] Started Login Service.
[[0;32m  OK  [0m] Started Unattended Upgrades Shutdown.
|                 |
[[0;32m  OK  [0m] Started Set console scheme.
[[0;32m  OK  [0m] Created slice system-getty.slice.
[[0;32m  OK  [0m] Started Getty on tty1.
[   26.422311] [[0;32m  OK  [0m] Reached target Login Prompts.cloud-init
[644]: |       .         |
[   26.525736] cloud-init[644]: |      +          |
[   26.675492] cloud-init[644]: |     . o         |[[0;32m  OK  [0m] Started Authorization Manager.
[[0;32m  OK  [0m] Started Accounts Service.

[[0;32m  OK  [0m] Started LSB: Record successful boot for GRUB.
[   26.806517] cloud-init[644]: |    . o S   ...  |[[0;32m  OK  [0m
] Started LSB: automatic crash report generation.
[   26.944665] cloud-init[[0;32m  OK  [0m] Started LXD - container startup/shutdown.
[644]: |   . = B =..o. E |
[   27.045392] cloud-init[644]: |    . B *o==o + o|
[   27.097367] cloud-init[644]: |     . o B==+*.+o|
[   27.180291] cloud-init[644]: |      . oo+o++=+B|
[   27.246278] cloud-init[644]: +----[SHA256]-----+
[   27.310973] cloud-init[644]: Generating public/private ed25519 key pair.
[   27.414026] cloud-init[644]: Your identification has been saved in /etc/ssh/ssh_host_ed25519_key.
[   27.504480] cloud-init[644]: Your public key has been saved in /etc/ssh/ssh_host_ed25519_key.pub.
[[0;32m  OK  [0m] Started Virtualbox guest utils.
[   27.621974] cloud-init[644]: The key fingerprint is:
[   27.708344] cloud-init[644]: SHA256:0dLtYKoIabRyjmF7HKlg/xAr0CioROrCfnc5Y/sFvRg root@ubuntu-bionic
[   27.856428] cloud-init[644]: The key's randomart image is:
[   27.963908] cloud-init[644]: +--[ED25519 256]--+
[   28.046091] cloud-init[644]: |                 |
[   28.132695] cloud-init[644]: |         o .     |
[   28.230137] cloud-init[644]: | ..     o = .    |
[   28.304941] cloud-init[644]: |++ o.    =.o     |
[   28.358205] cloud-init[644]: |X+B+    SE ..    |
[   28.443828] cloud-init[644]: |@B=.+. .  + .    |
[   28.514587] cloud-init[644]: |+*.*. . .. o     |
[   29.074672] cloud-init[644]: |o o.o. *  .      |
[   29.273956] cloud-init[644]: | .. ..o.=.       |
[   29.362943] cloud-init[644]: +----[SHA256]-----+
[[0;32m  OK  [0m] Started Dispatcher daemon for systemd-networkd.
[[0;32m  OK  [0m] Started Snap Daemon.
         Starting Wait until snapd is fully seeded...
[[0;32m  OK  [0m] Started Pollinate to seed the pseudo random number generator.
         Starting OpenBSD Secure Shell server...
[[0;32m  OK  [0m] Started OpenBSD Secure Shell server.

Ubuntu 18.04.5 LTS ubuntu-bionic ttyS0

ubuntu-bionic login: [   38.082242] cloud-init[964]: Cloud-init v. 21.2-3-g899bfaa9-0ubuntu2~18.04.1 running 'modules:config' at Mon, 09 Aug 2021 12:12:46 +0000. Up 35.47 seconds.
ci-info: no authorized SSH keys fingerprints found for user ubuntu.
<14>Aug  9 12:12:50 cloud-init: #############################################################
<14>Aug  9 12:12:50 cloud-init: -----BEGIN SSH HOST KEY FINGERPRINTS-----
<14>Aug  9 12:12:50 cloud-init: 1024 SHA256:Uacah/8YtnTltquUrV63TzHiJISwd5mk7DTw9f/tVko root@ubuntu-bionic (DSA)
<14>Aug  9 12:12:50 cloud-init: 256 SHA256:ivTplRCT7sMdZjt9SqO3WN4njORW6f5A96+hTd72OzQ root@ubuntu-bionic (ECDSA)
<14>Aug  9 12:12:50 cloud-init: 256 SHA256:0dLtYKoIabRyjmF7HKlg/xAr0CioROrCfnc5Y/sFvRg root@ubuntu-bionic (ED25519)
<14>Aug  9 12:12:50 cloud-init: 2048 SHA256:nPvVgeP1AUNfr4ZsOm/VM4qJjMAw6KQJ/r2b68JbDCM root@ubuntu-bionic (RSA)
<14>Aug  9 12:12:50 cloud-init: -----END SSH HOST KEY FINGERPRINTS-----
<14>Aug  9 12:12:50 cloud-init: #############################################################
-----BEGIN SSH HOST KEY KEYS-----
ecdsa-sha2-nistp256 AAAAE2VjZHNhLXNoYTItbmlzdHAyNTYAAAAIbmlzdHAyNTYAAABBBMwm0lMcdxbxURIpyhZU+BlJnXI7FkMcgIcto06yvmlnYJTZqPPeEux/+H1QLnPeeIgnU/S+q/5YtYRxEA0Fz+E= root@ubuntu-bionic
ssh-ed25519 AAAAC3NzaC1lZDI1NTE5AAAAIIlaPaz2+e5L/cLIWcRB4pT9AqbksC8bD77aK5Ns0W7y root@ubuntu-bionic
ssh-rsa AAAAB3NzaC1yc2EAAAADAQABAAABAQCvioVmAn/NXXWtIbd5lH4hz09c6XA6jRKvdLzurAlAdJSOCSdiRI6AhWx5pZnhua7agc9vTdIvFxAt/3aKljN1xkap/C1e6dq4z8mrxCg8YqfDVIJ0f9wbkqCusrpHB26atjLLTmjyzJDwsDaMDcXc3omtlmGdhoTwZN5rc4NzkkQZy1QuseMewTd45OU5y4jCVYyngptFjDueY+LmkEwwffZBWvsw8M03/7zJ8I8xaE3A4BeHeuF7gGI5p/wO13rJw/T6EaAiE3T1j+h78MUJXq/kRnoE7yINrjFWbIm8FfL+BrR0G4tQSoIwUu7Mvt6IJ7iVkUjHCG8b8U6eGOuj root@ubuntu-bionic
-----END SSH HOST KEY KEYS-----
[   40.125798] cloud-init[1137]: Cloud-init v. 21.2-3-g899bfaa9-0ubuntu2~18.04.1 running 'modules:final' at Mon, 09 Aug 2021 12:12:50 +0000. Up 39.58 seconds.
[   40.164207] cloud-init[1137]: ci-info: no authorized SSH keys fingerprints found for user ubuntu.
[   40.207104] cloud-init[1137]: Cloud-init v. 21.2-3-g899bfaa9-0ubuntu2~18.04.1 finished at Mon, 09 Aug 2021 12:12:50 +0000. Datasource DataSourceNoCloud [seed=/dev/sdb][dsmode=net].  Up 40.11 seconds
